2018-05-31 13:25:32,164 [INFO] [main] io.renren.ApiApplication [StartupInfoLogger.java : 50] Starting ApiApplication on DESKTOP-LTV3T46 with PID 15840 (started by xujh in F:\开源项目\renren\renren-security\renren-api)
2018-05-31 13:25:32,174 [DEBUG] [main] io.renren.ApiApplication [StartupInfoLogger.java : 53] Running with Spring Boot v2.0.1.RELEASE, Spring v5.0.5.RELEASE
2018-05-31 13:25:32,176 [INFO] [main] io.renren.ApiApplication [SpringApplication.java : 663] The following profiles are active: dev
2018-05-31 13:25:32,227 [INFO] [main] o.s.b.w.s.c.AnnotationConfigServletWebServerApplicationContext [AbstractApplicationContext.java : 590] Refreshing org.springframework.boot.web.servlet.context.AnnotationConfigServletWebServerApplicationContext@78ffe6dc: startup date [Thu May 31 13:25:32 CST 2018]; root of context hierarchy
2018-05-31 13:25:33,436 [INFO] [main] o.s.data.repository.config.RepositoryConfigurationDelegate [RepositoryConfigurationDelegate.java : 163] Multiple Spring Data modules found, entering strict repository configuration mode!
2018-05-31 13:25:33,971 [INFO] [main] o.s.c.s.PostProcessorRegistrationDelegate$BeanPostProcessorChecker [PostProcessorRegistrationDelegate.java : 328] Bean 'org.springframework.transaction.annotation.ProxyTransactionManagementConfiguration' of type [org.springframework.transaction.annotation.ProxyTransactionManagementConfiguration$$EnhancerBySpringCGLIB$$fdc30a37] is not eligible for getting processed by all BeanPostProcessors (for example: not eligible for auto-proxying)
2018-05-31 13:25:34,552 [INFO] [main] org.springframework.boot.web.embedded.tomcat.TomcatWebServer [TomcatWebServer.java : 91] Tomcat initialized with port(s): 8081 (http)
2018-05-31 13:25:34,583 [INFO] [main] org.apache.catalina.core.StandardService [DirectJDKLog.java : 180] Starting service [Tomcat]
2018-05-31 13:25:34,584 [INFO] [main] org.apache.catalina.core.StandardEngine [DirectJDKLog.java : 180] Starting Servlet Engine: Apache Tomcat/8.5.29
2018-05-31 13:25:34,594 [INFO] [localhost-startStop-1] org.apache.catalina.core.AprLifecycleListener [DirectJDKLog.java : 180] The APR based Apache Tomcat Native library which allows optimal performance in production environments was not found on the java.library.path: [D:\dedao\SoftWare\Dev\jdk\djk1.8\Java\jdk1.8.0_102\bin;C:\Windows\Sun\Java\bin;C:\Windows\system32;C:\Windows;D:/dedao/SoftWare/Dev/jdk/djk1.8/Java/jdk1.8.0_102/bin/../jre/bin/server;D:/dedao/SoftWare/Dev/jdk/djk1.8/Java/jdk1.8.0_102/bin/../jre/bin;D:/dedao/SoftWare/Dev/jdk/djk1.8/Java/jdk1.8.0_102/bin/../jre/lib/amd64;C:\Program Files (x86)\Intel\Intel(R) Management Engine Components\iCLS\;C:\Program Files\Intel\Intel(R) Management Engine Components\iCLS\;C:\Windows\system32;C:\Windows;C:\Windows\System32\Wbem;C:\Windows\System32\WindowsPowerShell\v1.0\;C:\Program Files (x86)\Intel\Intel(R) Management Engine Components\DAL;C:\Program Files\Intel\Intel(R) Management Engine Components\DAL;C:\Program Files (x86)\Intel\Intel(R) Management Engine Components\IPT;C:\Program Files\Intel\Intel(R) Management Engine Components\IPT;C:\Program Files (x86)\NVIDIA Corporation\PhysX\Common;D:\Software\bin;%MYSQL_HOME%\bin;D:\Software\Git\cmd;C:\Users\xujh\AppData\Local\Microsoft\WindowsApps;D:\dedao\SoftWare\Dev\jdk\djk1.8\Java\jdk1.8.0_102\bin;D:\dedao\SoftWare\Dev\jdk\djk1.8\Java\jdk1.8.0_102\jre\bin;D:\Software\repertory\apache-maven-3.3.3\bin;;D:\eclipse64\eclipsework;;.]
2018-05-31 13:25:34,702 [INFO] [localhost-startStop-1] o.a.c.core.ContainerBase.[Tomcat].[localhost].[/renren-api] [DirectJDKLog.java : 180] Initializing Spring embedded WebApplicationContext
2018-05-31 13:25:34,702 [INFO] [localhost-startStop-1] org.springframework.web.context.ContextLoader [ServletWebServerApplicationContext.java : 285] Root WebApplicationContext: initialization completed in 2475 ms
2018-05-31 13:25:34,881 [INFO] [localhost-startStop-1] org.springframework.boot.web.servlet.FilterRegistrationBean [AbstractFilterRegistrationBean.java : 244] Mapping filter: 'characterEncodingFilter' to: [/*]
2018-05-31 13:25:34,882 [INFO] [localhost-startStop-1] org.springframework.boot.web.servlet.FilterRegistrationBean [AbstractFilterRegistrationBean.java : 244] Mapping filter: 'hiddenHttpMethodFilter' to: [/*]
2018-05-31 13:25:34,882 [INFO] [localhost-startStop-1] org.springframework.boot.web.servlet.FilterRegistrationBean [AbstractFilterRegistrationBean.java : 244] Mapping filter: 'httpPutFormContentFilter' to: [/*]
2018-05-31 13:25:34,883 [INFO] [localhost-startStop-1] org.springframework.boot.web.servlet.FilterRegistrationBean [AbstractFilterRegistrationBean.java : 244] Mapping filter: 'requestContextFilter' to: [/*]
2018-05-31 13:25:34,883 [INFO] [localhost-startStop-1] org.springframework.boot.web.servlet.FilterRegistrationBean [AbstractFilterRegistrationBean.java : 257] Mapping filter: 'xssFilter' to urls: [/*]
2018-05-31 13:25:34,883 [INFO] [localhost-startStop-1] org.springframework.boot.web.servlet.FilterRegistrationBean [AbstractFilterRegistrationBean.java : 257] Mapping filter: 'webStatFilter' to urls: [/*]
2018-05-31 13:25:34,884 [INFO] [localhost-startStop-1] org.springframework.boot.web.servlet.ServletRegistrationBean [ServletRegistrationBean.java : 185] Servlet dispatcherServlet mapped to [/]
2018-05-31 13:25:34,885 [INFO] [localhost-startStop-1] org.springframework.boot.web.servlet.ServletRegistrationBean [ServletRegistrationBean.java : 185] Servlet statViewServlet mapped to [/druid/*]
2018-05-31 13:25:35,074 [INFO] [main] c.a.d.spring.boot.autoconfigure.DruidDataSourceAutoConfigure [DruidDataSourceAutoConfigure.java : 56] Init DruidDataSource
2018-05-31 13:25:35,613 [INFO] [main] com.alibaba.druid.pool.DruidDataSource [DruidDataSource.java : 928] {dataSource-1} inited
2018-05-31 13:25:36,661 [INFO] [main] o.s.w.s.mvc.method.annotation.RequestMappingHandlerMapping [AbstractHandlerMethodMapping.java : 547] Mapped "{[/api/login],methods=[POST]}" onto public io.renren.common.utils.R io.renren.controller.ApiLoginController.login(io.renren.form.LoginForm)
2018-05-31 13:25:36,664 [INFO] [main] o.s.w.s.mvc.method.annotation.RequestMappingHandlerMapping [AbstractHandlerMethodMapping.java : 547] Mapped "{[/api/logout],methods=[POST]}" onto public io.renren.common.utils.R io.renren.controller.ApiLoginController.logout(long)
2018-05-31 13:25:36,668 [INFO] [main] o.s.w.s.mvc.method.annotation.RequestMappingHandlerMapping [AbstractHandlerMethodMapping.java : 547] Mapped "{[/api/register],methods=[POST]}" onto public io.renren.common.utils.R io.renren.controller.ApiRegisterController.register(io.renren.form.RegisterForm)
2018-05-31 13:25:36,671 [INFO] [main] o.s.w.s.mvc.method.annotation.RequestMappingHandlerMapping [AbstractHandlerMethodMapping.java : 547] Mapped "{[/api/userId],methods=[GET]}" onto public io.renren.common.utils.R io.renren.controller.ApiTestController.userInfo(java.lang.Integer)
2018-05-31 13:25:36,673 [INFO] [main] o.s.w.s.mvc.method.annotation.RequestMappingHandlerMapping [AbstractHandlerMethodMapping.java : 547] Mapped "{[/api/userInfo],methods=[GET]}" onto public io.renren.common.utils.R io.renren.controller.ApiTestController.userInfo(io.renren.entity.UserEntity)
2018-05-31 13:25:36,673 [INFO] [main] o.s.w.s.mvc.method.annotation.RequestMappingHandlerMapping [AbstractHandlerMethodMapping.java : 547] Mapped "{[/api/notToken],methods=[GET]}" onto public io.renren.common.utils.R io.renren.controller.ApiTestController.notToken()
2018-05-31 13:25:36,678 [INFO] [main] o.s.w.s.mvc.method.annotation.RequestMappingHandlerMapping [AbstractHandlerMethodMapping.java : 547] Mapped "{[/swagger-resources/configuration/ui]}" onto public org.springframework.http.ResponseEntity<springfox.documentation.swagger.web.UiConfiguration> springfox.documentation.swagger.web.ApiResourceController.uiConfiguration()
2018-05-31 13:25:36,679 [INFO] [main] o.s.w.s.mvc.method.annotation.RequestMappingHandlerMapping [AbstractHandlerMethodMapping.java : 547] Mapped "{[/swagger-resources]}" onto public org.springframework.http.ResponseEntity<java.util.List<springfox.documentation.swagger.web.SwaggerResource>> springfox.documentation.swagger.web.ApiResourceController.swaggerResources()
2018-05-31 13:25:36,680 [INFO] [main] o.s.w.s.mvc.method.annotation.RequestMappingHandlerMapping [AbstractHandlerMethodMapping.java : 547] Mapped "{[/swagger-resources/configuration/security]}" onto public org.springframework.http.ResponseEntity<springfox.documentation.swagger.web.SecurityConfiguration> springfox.documentation.swagger.web.ApiResourceController.securityConfiguration()
2018-05-31 13:25:36,683 [INFO] [main] o.s.w.s.mvc.method.annotation.RequestMappingHandlerMapping [AbstractHandlerMethodMapping.java : 547] Mapped "{[/error]}" onto public org.springframework.http.ResponseEntity<java.util.Map<java.lang.String, java.lang.Object>> org.springframework.boot.autoconfigure.web.servlet.error.BasicErrorController.error(javax.servlet.http.HttpServletRequest)
2018-05-31 13:25:36,685 [INFO] [main] o.s.w.s.mvc.method.annotation.RequestMappingHandlerMapping [AbstractHandlerMethodMapping.java : 547] Mapped "{[/error],produces=[text/html]}" onto public org.springframework.web.servlet.ModelAndView org.springframework.boot.autoconfigure.web.servlet.error.BasicErrorController.errorHtml(javax.servlet.http.HttpServletRequest,javax.servlet.http.HttpServletResponse)
2018-05-31 13:25:36,831 [INFO] [main] s.d.spring.web.PropertySourcedRequestMappingHandlerMapping [PropertySourcedRequestMappingHandlerMapping.java : 69] Mapped URL path [/v2/api-docs] onto method [public org.springframework.http.ResponseEntity<springfox.documentation.spring.web.json.Json> springfox.documentation.swagger2.web.Swagger2Controller.getDocumentation(java.lang.String,javax.servlet.http.HttpServletRequest)]
2018-05-31 13:25:36,994 [INFO] [main] o.s.web.servlet.handler.SimpleUrlHandlerMapping [AbstractUrlHandlerMapping.java : 373] Mapped URL path [/**/favicon.ico] onto handler of type [class org.springframework.web.servlet.resource.ResourceHttpRequestHandler]
2018-05-31 13:25:37,173 [INFO] [main] o.s.w.s.mvc.method.annotation.RequestMappingHandlerAdapter [RequestMappingHandlerAdapter.java : 574] Looking for @ControllerAdvice: org.springframework.boot.web.servlet.context.AnnotationConfigServletWebServerApplicationContext@78ffe6dc: startup date [Thu May 31 13:25:32 CST 2018]; root of context hierarchy
2018-05-31 13:25:37,237 [INFO] [main] o.s.web.servlet.handler.SimpleUrlHandlerMapping [AbstractUrlHandlerMapping.java : 373] Mapped URL path [/webjars/**] onto handler of type [class org.springframework.web.servlet.resource.ResourceHttpRequestHandler]
2018-05-31 13:25:37,238 [INFO] [main] o.s.web.servlet.handler.SimpleUrlHandlerMapping [AbstractUrlHandlerMapping.java : 373] Mapped URL path [/**] onto handler of type [class org.springframework.web.servlet.resource.ResourceHttpRequestHandler]
2018-05-31 13:25:37,260 [INFO] [main] o.s.w.s.m.m.annotation.ExceptionHandlerExceptionResolver [ExceptionHandlerExceptionResolver.java : 288] Detected @ExceptionHandler methods in RRExceptionHandler
2018-05-31 13:25:37,590 [INFO] [main] org.springframework.ui.freemarker.SpringTemplateLoader [SpringTemplateLoader.java : 62] SpringTemplateLoader for FreeMarker: using resource loader [org.springframework.boot.web.servlet.context.AnnotationConfigServletWebServerApplicationContext@78ffe6dc: startup date [Thu May 31 13:25:32 CST 2018]; root of context hierarchy] and template loader path [classpath:/templates/]
2018-05-31 13:25:37,592 [INFO] [main] o.s.web.servlet.view.freemarker.FreeMarkerConfigurer [FreeMarkerConfigurer.java : 131] ClassTemplateLoader for Spring macros added to FreeMarker configuration
2018-05-31 13:25:37,751 [INFO] [main] o.s.jmx.export.annotation.AnnotationMBeanExporter [MBeanExporter.java : 433] Registering beans for JMX exposure on startup
2018-05-31 13:25:37,756 [INFO] [main] o.s.jmx.export.annotation.AnnotationMBeanExporter [MBeanExporter.java : 895] Bean with name 'statFilter' has been autodetected for JMX exposure
2018-05-31 13:25:37,757 [INFO] [main] o.s.jmx.export.annotation.AnnotationMBeanExporter [MBeanExporter.java : 895] Bean with name 'dataSource' has been autodetected for JMX exposure
2018-05-31 13:25:37,762 [INFO] [main] o.s.jmx.export.annotation.AnnotationMBeanExporter [MBeanExporter.java : 668] Located MBean 'dataSource': registering with JMX server as MBean [com.alibaba.druid.spring.boot.autoconfigure:name=dataSource,type=DruidDataSourceWrapper]
2018-05-31 13:25:37,763 [INFO] [main] o.s.jmx.export.annotation.AnnotationMBeanExporter [MBeanExporter.java : 668] Located MBean 'statFilter': registering with JMX server as MBean [com.alibaba.druid.filter.stat:name=statFilter,type=StatFilter]
2018-05-31 13:25:37,769 [INFO] [main] o.springframework.context.support.DefaultLifecycleProcessor [DefaultLifecycleProcessor.java : 351] Starting beans in phase 2147483647
2018-05-31 13:25:37,770 [INFO] [main] s.d.spring.web.plugins.DocumentationPluginsBootstrapper [DocumentationPluginsBootstrapper.java : 147] Context refreshed
2018-05-31 13:25:37,790 [INFO] [main] s.d.spring.web.plugins.DocumentationPluginsBootstrapper [DocumentationPluginsBootstrapper.java : 150] Found 1 custom documentation plugin(s)
2018-05-31 13:25:37,825 [INFO] [main] s.d.spring.web.scanners.ApiListingReferenceScanner [ApiListingReferenceScanner.java : 41] Scanning for api listing references
2018-05-31 13:25:38,151 [INFO] [main] s.d.s.web.readers.operation.CachingOperationNameGenerator [CachingOperationNameGenerator.java : 40] Generating unique operation named: userInfoUsingGET_1
2018-05-31 13:25:38,240 [INFO] [main] org.springframework.boot.web.embedded.tomcat.TomcatWebServer [TomcatWebServer.java : 206] Tomcat started on port(s): 8081 (http) with context path '/renren-api'
2018-05-31 13:25:38,246 [INFO] [main] io.renren.ApiApplication [StartupInfoLogger.java : 59] Started ApiApplication in 6.573 seconds (JVM running for 7.09)
2018-05-31 13:26:05,605 [INFO] [http-nio-8081-exec-2] o.a.c.core.ContainerBase.[Tomcat].[localhost].[/renren-api] [DirectJDKLog.java : 180] Initializing Spring FrameworkServlet 'dispatcherServlet'
2018-05-31 13:26:05,605 [INFO] [http-nio-8081-exec-2] org.springframework.web.servlet.DispatcherServlet [FrameworkServlet.java : 494] FrameworkServlet 'dispatcherServlet': initialization started
2018-05-31 13:26:05,634 [INFO] [http-nio-8081-exec-2] org.springframework.web.servlet.DispatcherServlet [FrameworkServlet.java : 509] FrameworkServlet 'dispatcherServlet': initialization completed in 28 ms
